13:42:10.322 [TestNG-tests-3] INFO  testCases.TC001_AccountRegistrationTest - Clicked on Register Link
13:42:10.403 [TestNG-tests-3] INFO  testCases.TC001_AccountRegistrationTest - Providing customer details...
13:42:13.212 [TestNG-tests-3] INFO  testCases.TC001_AccountRegistrationTest - Validating expected message...
13:42:15.086 [TestNG-tests-3] ERROR testCases.TC001_AccountRegistrationTest - Test failed
13:42:15.087 [TestNG-tests-3] DEBUG testCases.TC001_AccountRegistrationTest - Debug logs...
15:31:02.064 [main] DEBUG org.testng.TestNG - suiteXmlPath: "C:\eclipseworkspace-2\OpencartV121\master.xml"
15:31:02.442 [main] INFO  org.testng.internal.Utils - [TestNG] Running:
  C:\eclipseworkspace-2\OpencartV121\master.xml

15:34:58.906 [main] DEBUG org.testng.TestNG - suiteXmlPath: "C:\eclipseworkspace-2\OpencartV121\master.xml"
15:34:59.245 [main] INFO  org.testng.internal.Utils - [TestNG] Running:
  C:\eclipseworkspace-2\OpencartV121\master.xml

15:36:49.630 [main] DEBUG org.testng.TestNG - suiteXmlPath: "C:\eclipseworkspace-2\OpencartV121\master.xml"
15:36:49.966 [main] INFO  org.testng.internal.Utils - [TestNG] Running:
  C:\eclipseworkspace-2\OpencartV121\master.xml

15:38:38.763 [main] DEBUG org.testng.TestNG - suiteXmlPath: "C:\eclipseworkspace-2\OpencartV121\master.xml"
15:38:39.097 [main] INFO  org.testng.internal.Utils - [TestNG] Running:
  C:\eclipseworkspace-2\OpencartV121\master.xml

15:52:25.828 [main] DEBUG org.testng.TestNG - suiteXmlPath: "C:\eclipseworkspace-2\OpencartV121\master.xml"
15:52:26.772 [main] INFO  org.testng.internal.Utils - [TestNG] Running:
  C:\eclipseworkspace-2\OpencartV121\master.xml

15:55:10.219 [main] DEBUG org.testng.TestNG - suiteXmlPath: "C:\eclipseworkspace-2\OpencartV121\master.xml"
15:55:10.565 [main] INFO  org.testng.internal.Utils - [TestNG] Running:
  C:\eclipseworkspace-2\OpencartV121\master.xml

16:08:13.957 [main] DEBUG org.testng.TestNG - suiteXmlPath: "C:\eclipseworkspace-2\OpencartV121\master.xml"
16:08:14.305 [main] INFO  org.testng.internal.Utils - [TestNG] Running:
  C:\eclipseworkspace-2\OpencartV121\master.xml

16:08:21.771 [main] INFO  testCases.TC001_AccountRegistrationTest - ***** Starting TC001_AccountRegistrationTest *****
16:08:40.800 [main] INFO  testCases.TC002_LoginTest - *** Starting TC002_LoginTest ***
16:12:15.067 [main] DEBUG org.testng.TestNG - suiteXmlPath: "C:\eclipseworkspace-2\OpencartV121\master.xml"
16:12:15.427 [main] INFO  org.testng.internal.Utils - [TestNG] Running:
  C:\eclipseworkspace-2\OpencartV121\master.xml

16:12:21.190 [main] INFO  testCases.TC001_AccountRegistrationTest - ***** Starting TC001_AccountRegistrationTest *****
16:19:59.021 [main] DEBUG org.testng.TestNG - suiteXmlPath: "C:\eclipseworkspace-2\OpencartV121\grouping.xml"
16:19:59.425 [main] INFO  org.testng.internal.Utils - [TestNG] Running:
  C:\eclipseworkspace-2\OpencartV121\grouping.xml

16:20:04.854 [main] INFO  testCases.TC001_AccountRegistrationTest - ***** Starting TC001_AccountRegistrationTest *****
16:20:22.606 [main] INFO  testCases.TC002_LoginTest - *** Starting TC002_LoginTest ***
16:32:53.954 [main] DEBUG org.testng.TestNG - suiteXmlPath: "C:\eclipseworkspace-2\OpencartV121\master.xml"
16:32:54.301 [main] INFO  org.testng.internal.Utils - [TestNG] Running:
  C:\eclipseworkspace-2\OpencartV121\master.xml

16:32:58.157 [main] INFO  testCases.TC001_AccountRegistrationTest - ***** Starting TC001_AccountRegistrationTest *****
16:36:52.391 [main] DEBUG org.testng.TestNG - suiteXmlPath: "C:\eclipseworkspace-2\OpencartV121\master.xml"
16:36:52.743 [main] INFO  org.testng.internal.Utils - [TestNG] Running:
  C:\eclipseworkspace-2\OpencartV121\master.xml

16:36:56.280 [main] INFO  testCases.TC001_AccountRegistrationTest - ***** Starting TC001_AccountRegistrationTest *****
16:40:39.113 [main] DEBUG org.testng.TestNG - suiteXmlPath: "C:\eclipseworkspace-2\OpencartV121\master.xml"
16:40:39.481 [main] INFO  org.testng.internal.Utils - [TestNG] Running:
  C:\eclipseworkspace-2\OpencartV121\master.xml

16:40:43.062 [main] INFO  testCases.TC001_AccountRegistrationTest - ***** Starting TC001_AccountRegistrationTest *****
16:45:19.992 [main] DEBUG org.testng.TestNG - suiteXmlPath: "C:\eclipseworkspace-2\OpencartV121\master.xml"
16:45:20.392 [main] INFO  org.testng.internal.Utils - [TestNG] Running:
  C:\eclipseworkspace-2\OpencartV121\master.xml

16:45:24.755 [main] INFO  testCases.TC001_AccountRegistrationTest - ***** Starting TC001_AccountRegistrationTest *****
19:14:52.453 [main] DEBUG org.testng.TestNG - suiteXmlPath: "C:\eclipseworkspace-2\OpencartV121\master.xml"
19:14:52.999 [main] INFO  org.testng.internal.Utils - [TestNG] Running:
  C:\eclipseworkspace-2\OpencartV121\master.xml

19:15:30.353 [main] INFO  testCases.TC001_AccountRegistrationTest - ***** Starting TC001_AccountRegistrationTest *****
19:15:49.786 [main] INFO  testCases.TC002_LoginTest - *** Starting TC002_LoginTest ***
10:38:47.612 [main] DEBUG org.testng.TestNG - suiteXmlPath: "C:\eclipseworkspace-2\OpencartV121\grid-docker.xml"
