11:51:26.004 [TestNG-tests-1] INFO  testCases.TC001_AccountRegistrationTest - ***** Starting TC001_AccountRegistrationTest *****
11:51:26.948 [TestNG-tests-3] INFO  testCases.TC001_AccountRegistrationTest - Validating expected message...
11:51:27.318 [TestNG-tests-3] INFO  testCases.TC001_AccountRegistrationTest - ***** Finished TC001_AccountRegistrationTest *****
11:51:27.498 [TestNG-tests-1] INFO  testCases.TC001_AccountRegistrationTest - Clicked on MyAccount Link
11:51:29.566 [TestNG-tests-1] INFO  testCases.TC001_AccountRegistrationTest - Clicked on Register Link
11:51:29.568 [TestNG-tests-1] INFO  testCases.TC001_AccountRegistrationTest - Providing customer details...
11:51:33.329 [TestNG-tests-1] INFO  testCases.TC001_AccountRegistrationTest - Validating expected message...
11:51:33.403 [TestNG-tests-1] INFO  testCases.TC001_AccountRegistrationTest - ***** Finished TC001_AccountRegistrationTest *****
12:23:06.101 [main] DEBUG org.testng.TestNG - suiteXmlPath: "C:\eclipseworkspace-2\OpencartV121\master.xml"
12:23:06.538 [main] INFO  org.testng.internal.Utils - [TestNG] Running:
  C:\eclipseworkspace-2\OpencartV121\master.xml

12:23:11.813 [main] INFO  testCases.TC001_AccountRegistrationTest - ***** Starting TC001_AccountRegistrationTest *****
12:23:12.046 [main] INFO  testCases.TC001_AccountRegistrationTest - Clicked on MyAccount Link
12:23:12.828 [main] INFO  testCases.TC001_AccountRegistrationTest - Clicked on Register Link
12:23:12.836 [main] INFO  testCases.TC001_AccountRegistrationTest - Providing customer details...
12:23:15.315 [main] INFO  testCases.TC001_AccountRegistrationTest - Validating expected message...
12:23:15.373 [main] INFO  testCases.TC001_AccountRegistrationTest - ***** Finished TC001_AccountRegistrationTest *****
16:57:33.207 [main] DEBUG org.testng.TestNG - suiteXmlPath: "C:\eclipseworkspace-2\OpencartV121\master.xml"
16:57:33.536 [main] INFO  org.testng.internal.Utils - [TestNG] Running:
  C:\eclipseworkspace-2\OpencartV121\master.xml

16:59:42.978 [main] DEBUG org.testng.TestNG - suiteXmlPath: "C:\eclipseworkspace-2\OpencartV121\master.xml"
16:59:43.312 [main] INFO  org.testng.internal.Utils - [TestNG] Running:
  C:\eclipseworkspace-2\OpencartV121\master.xml

17:02:54.671 [main] DEBUG org.testng.TestNG - suiteXmlPath: "C:\eclipseworkspace-2\OpencartV121\master.xml"
17:02:54.972 [main] INFO  org.testng.internal.Utils - [TestNG] Running:
  C:\eclipseworkspace-2\OpencartV121\master.xml

17:03:06.580 [main] INFO  testCases.TC001_AccountRegistrationTest - ***** Starting TC001_AccountRegistrationTest *****
17:03:06.871 [main] INFO  testCases.TC001_AccountRegistrationTest - Clicked on MyAccount Link
17:03:08.097 [main] INFO  testCases.TC001_AccountRegistrationTest - Clicked on Register Link
17:03:08.103 [main] INFO  testCases.TC001_AccountRegistrationTest - Providing customer details...
17:03:11.033 [main] INFO  testCases.TC001_AccountRegistrationTest - Validating expected message...
17:03:11.118 [main] INFO  testCases.TC001_AccountRegistrationTest - ***** Finished TC001_AccountRegistrationTest *****
17:04:57.434 [main] DEBUG org.testng.TestNG - suiteXmlPath: "C:\eclipseworkspace-2\OpencartV121\master.xml"
17:04:57.748 [main] INFO  org.testng.internal.Utils - [TestNG] Running:
  C:\eclipseworkspace-2\OpencartV121\master.xml

17:08:02.600 [main] DEBUG org.testng.TestNG - suiteXmlPath: "C:\eclipseworkspace-2\OpencartV121\master.xml"
17:08:02.922 [main] INFO  org.testng.internal.Utils - [TestNG] Running:
  C:\eclipseworkspace-2\OpencartV121\master.xml

17:08:08.402 [main] INFO  testCases.TC002_LoginTest - *** Starting TC002_LoginTest ***
17:08:09.203 [main] INFO  testCases.TC002_LoginTest - ****Opening Logging Page..... ***
17:08:09.732 [main] INFO  testCases.TC002_LoginTest - *** Successfully Logged in..... ***
17:13:48.319 [main] DEBUG org.testng.TestNG - suiteXmlPath: "C:\eclipseworkspace-2\OpencartV121\master.xml"
17:13:48.624 [main] INFO  org.testng.internal.Utils - [TestNG] Running:
  C:\eclipseworkspace-2\OpencartV121\master.xml

17:13:55.902 [main] INFO  testCases.TC002_LoginTest - *** Starting TC002_LoginTest ***
17:13:56.738 [main] INFO  testCases.TC002_LoginTest - ****Opening Login Page..... ***
17:13:57.273 [main] INFO  testCases.TC002_LoginTest - *** Successfully Logged in..... ***
17:14:58.785 [main] DEBUG org.testng.TestNG - suiteXmlPath: "C:\eclipseworkspace-2\OpencartV121\master.xml"
17:14:59.103 [main] INFO  org.testng.internal.Utils - [TestNG] Running:
  C:\eclipseworkspace-2\OpencartV121\master.xml

17:15:05.770 [main] INFO  testCases.TC002_LoginTest - *** Starting TC002_LoginTest ***
17:15:06.457 [main] INFO  testCases.TC002_LoginTest - ****Opening Login Page..... ***
17:15:06.992 [main] INFO  testCases.TC002_LoginTest - *** Successfully Logged in..... ***
17:15:08.713 [main] INFO  testCases.TC002_LoginTest - *** Now in My Account Page ***
17:15:08.713 [main] INFO  testCases.TC002_LoginTest - *** Finished TC002_LoginTest ***
