13:30:27.684 [main] INFO  testCases.TC002_LoginTest - *** Finished TC002_LoginTest ***
13:31:36.169 [main] DEBUG org.testng.TestNG - suiteXmlPath: "C:\eclipseworkspace-2\OpencartV121\master.xml"
13:31:36.571 [main] INFO  org.testng.internal.Utils - [TestNG] Running:
  C:\eclipseworkspace-2\OpencartV121\master.xml

13:31:42.503 [main] INFO  testCases.TC001_AccountRegistrationTest - ***** Starting TC001_AccountRegistrationTest *****
13:31:42.777 [main] INFO  testCases.TC001_AccountRegistrationTest - Clicked on MyAccount Link
13:31:44.064 [main] INFO  testCases.TC001_AccountRegistrationTest - Clicked on Register Link
13:31:44.093 [main] INFO  testCases.TC001_AccountRegistrationTest - Providing customer details...
13:31:47.820 [main] INFO  testCases.TC001_AccountRegistrationTest - Validating expected message...
13:31:47.986 [main] INFO  testCases.TC001_AccountRegistrationTest - ***** Finished TC001_AccountRegistrationTest *****
13:31:51.739 [main] INFO  testCases.TC002_LoginTest - *** Starting TC002_LoginTest ***
13:31:52.358 [main] INFO  testCases.TC002_LoginTest - ****Opening Login Page..... ***
13:31:54.238 [main] INFO  testCases.TC002_LoginTest - *** Tring to Login.....***
13:31:54.364 [main] INFO  testCases.TC002_LoginTest - *** Successfully Logged in and Now in My Account Page ***
13:31:54.364 [main] INFO  testCases.TC002_LoginTest - *** Finished TC002_LoginTest ***
13:34:54.647 [main] DEBUG org.testng.TestNG - suiteXmlPath: "C:\eclipseworkspace-2\OpencartV121\master.xml"
13:34:55.039 [main] INFO  org.testng.internal.Utils - [TestNG] Running:
  C:\eclipseworkspace-2\OpencartV121\master.xml

13:35:02.165 [main] INFO  testCases.TC001_AccountRegistrationTest - ***** Starting TC001_AccountRegistrationTest *****
13:35:02.547 [main] INFO  testCases.TC001_AccountRegistrationTest - Clicked on MyAccount Link
13:35:04.185 [main] INFO  testCases.TC001_AccountRegistrationTest - Clicked on Register Link
13:35:04.200 [main] INFO  testCases.TC001_AccountRegistrationTest - Providing customer details...
13:35:08.201 [main] INFO  testCases.TC001_AccountRegistrationTest - Validating expected message...
13:35:08.323 [main] INFO  testCases.TC001_AccountRegistrationTest - ***** Finished TC001_AccountRegistrationTest *****
13:35:12.955 [main] INFO  testCases.TC002_LoginTest - *** Starting TC002_LoginTest ***
13:35:13.919 [main] INFO  testCases.TC002_LoginTest - ****Opening Login Page..... ***
13:35:16.091 [main] INFO  testCases.TC002_LoginTest - *** Tring to Login.....***
13:35:16.212 [main] INFO  testCases.TC002_LoginTest - *** Successfully Logged in and Now in My Account Page ***
13:35:16.212 [main] INFO  testCases.TC002_LoginTest - *** Finished TC002_LoginTest ***
13:38:07.739 [main] DEBUG org.testng.TestNG - suiteXmlPath: "C:\eclipseworkspace-2\OpencartV121\master.xml"
13:38:08.103 [main] INFO  org.testng.internal.Utils - [TestNG] Running:
  C:\eclipseworkspace-2\OpencartV121\master.xml

13:38:12.989 [main] INFO  testCases.TC001_AccountRegistrationTest - ***** Starting TC001_AccountRegistrationTest *****
13:38:13.223 [main] INFO  testCases.TC001_AccountRegistrationTest - Clicked on MyAccount Link
13:38:13.909 [main] INFO  testCases.TC001_AccountRegistrationTest - Clicked on Register Link
13:38:13.915 [main] INFO  testCases.TC001_AccountRegistrationTest - Providing customer details...
13:38:15.374 [main] INFO  testCases.TC001_AccountRegistrationTest - Validating expected message...
13:38:17.323 [main] INFO  testCases.TC001_AccountRegistrationTest - ***** Finished TC001_AccountRegistrationTest *****
13:38:21.842 [main] INFO  testCases.TC002_LoginTest - *** Starting TC002_LoginTest ***
13:38:22.667 [main] INFO  testCases.TC002_LoginTest - ****Opening Login Page..... ***
13:38:24.524 [main] INFO  testCases.TC002_LoginTest - *** Tring to Login.....***
13:38:24.641 [main] INFO  testCases.TC002_LoginTest - *** Successfully Logged in and Now in My Account Page ***
13:38:24.642 [main] INFO  testCases.TC002_LoginTest - *** Finished TC002_LoginTest ***
13:41:42.257 [main] DEBUG org.testng.TestNG - suiteXmlPath: "C:\eclipseworkspace-2\OpencartV121\crossbrowsertesting.xml"
13:41:42.499 [main] INFO  org.testng.internal.Utils - [TestNG] Running:
  C:\eclipseworkspace-2\OpencartV121\crossbrowsertesting.xml

13:41:50.958 [TestNG-tests-1] INFO  testCases.TC001_AccountRegistrationTest - ***** Starting TC001_AccountRegistrationTest *****
13:41:50.963 [TestNG-tests-2] INFO  testCases.TC001_AccountRegistrationTest - ***** Starting TC001_AccountRegistrationTest *****
13:41:51.426 [TestNG-tests-1] INFO  testCases.TC001_AccountRegistrationTest - Clicked on MyAccount Link
13:41:51.563 [TestNG-tests-2] INFO  testCases.TC001_AccountRegistrationTest - Clicked on MyAccount Link
13:42:08.549 [TestNG-tests-3] INFO  testCases.TC001_AccountRegistrationTest - ***** Starting TC001_AccountRegistrationTest *****
13:42:08.924 [TestNG-tests-3] INFO  testCases.TC001_AccountRegistrationTest - Clicked on MyAccount Link
